<?xml version="1.0" encoding="UTF-8"?>
<!-- Generated by org.testng.reporters.JUnitReportReporter -->
<testsuite hostname="DESKTOP-T7HK44K" failures="0" tests="1" name="MavenProjectChrome.MavenProjectChrome.TC2" time="43.864" errors="0" timestamp="2022-03-12T17:55:22 CST" skipped="0">
  <testcase classname="MavenProjectChrome.MavenProjectChrome.TC2" name="ExecuteTC2" time="43.864"/>
  <system-out/>
</testsuite> <!-- MavenProjectChrome.MavenProjectChrome.TC2 -->
