<?xml version="1.0" encoding="UTF-8"?>
<!-- Generated by org.testng.reporters.JUnitReportReporter -->
<testsuite hostname="DESKTOP-T7HK44K" failures="0" tests="1" name="MavenProjectChrome.MavenProjectChrome.TC1" time="13.725" errors="0" timestamp="2022-03-12T17:30:41 CST" skipped="0">
  <testcase classname="MavenProjectChrome.MavenProjectChrome.TC1" name="ExecuteTC1" time="13.725"/>
  <system-out/>
</testsuite> <!-- MavenProjectChrome.MavenProjectChrome.TC1 -->
